Build started 11/29/2014 9:10:37 PM.
     1>Project "C:\Users\cruzj6\Desktop\Intro to prog\ConsoleApplication8\ConsoleApplication8\ConsoleApplication8.vcxproj" on node 2 (Build target(s)).
     1>ClCompile:
         C:\Program Files (x86)\Microsoft Visual Studio 12.0\VC\bin\CL.exe /c /ZI /nologo /W3 /WX- /sdl /Od /Oy- /D WIN32 /D _DEBUG /D _CONSOLE /D _LIB /D _UNICODE /D UNICODE /Gm /EHsc /RTC1 /MDd /GS /fp:precise /Zc:wchar_t /Zc:forScope /Fo"Debug\\" /Fd"Debug\vc120.pdb" /Gd /TP /analyze- /errorReport:prompt Lexer.cpp errors.cpp SyntaxAnalyzer.cpp
         SyntaxAnalyzer.cpp
     1>c:\users\cruzj6\desktop\intro to prog\consoleapplication8\consoleapplication8\lexer.h(63): warning C4005: 'EOF' : macro redefinition
                 c:\program files (x86)\microsoft visual studio 12.0\vc\include\stdio.h(59) : see previous definition of 'EOF'
         errors.cpp
         Lexer.cpp
     1>c:\users\cruzj6\desktop\intro to prog\consoleapplication8\consoleapplication8\lexer.h(63): warning C4005: 'EOF' : macro redefinition
                 c:\program files (x86)\microsoft visual studio 12.0\vc\include\stdio.h(59) : see previous definition of 'EOF'
         Generating Code...
       Link:
         C:\Program Files (x86)\Microsoft Visual Studio 12.0\VC\bin\link.exe /ERRORREPORT:PROMPT /OUT:"C:\Users\cruzj6\Desktop\Intro to prog\ConsoleApplication8\Debug\ConsoleApplication8.exe" /INCREMENTAL /NOLOGO kernel32.lib user32.lib gdi32.lib winspool.lib comdlg32.lib advapi32.lib shell32.lib ole32.lib oleaut32.lib uuid.lib odbc32.lib odbccp32.lib /MANIFEST /MANIFESTUAC:"level='asInvoker' uiAccess='false'" /manifest:embed /DEBUG /PDB:"C:\Users\cruzj6\Desktop\Intro to prog\ConsoleApplication8\Debug\ConsoleApplication8.pdb" /SUBSYSTEM:CONSOLE /TLBID:1 /DYNAMICBASE /NXCOMPAT /IMPLIB:"C:\Users\cruzj6\Desktop\Intro to prog\ConsoleApplication8\Debug\ConsoleApplication8.lib" /MACHINE:X86 Debug\Lexer.obj
         Debug\errors.obj
         Debug\SyntaxAnalyzer.obj
         ConsoleApplication8.vcxproj -> C:\Users\cruzj6\Desktop\Intro to prog\ConsoleApplication8\Debug\ConsoleApplication8.exe
     1>Done Building Project "C:\Users\cruzj6\Desktop\Intro to prog\ConsoleApplication8\ConsoleApplication8\ConsoleApplication8.vcxproj" (Build target(s)).

Build succeeded.

Time Elapsed 00:00:03.42
